# JRE version: OpenJDK Runtime Environment Temurin-21.0.11+10 (21.0.11+10) (build 21.0.11+10-LTS)
# Java VM: OpenJDK 64-Bit Server VM Temurin-21.0.11+10 (21.0.11+10-LTS, mixed mode, sharing, tiered, compressed oops, compressed class ptrs, parallel gc, windows-amd64)
GC Precious Log:
 CardTable entry size: 512
 CPUs: 12 total, 12 available
 Memory: 15741M
 Large Page Support: Disabled
 NUMA Support: Disabled
 Compressed Oops: Enabled (32-bit)
 Alignments: Space 512K, Generation 512K, Heap 2M
 Heap Min Capacity: 100M
 Heap Initial Capacity: 100M
 Heap Max Capacity: 2G
 Pre-touch: Disabled
 Parallel Workers: 10
Heap:
 PSYoungGen      total 3072K, used 2323K [0x00000000d5580000, 0x00000000d5980000, 0x0000000100000000)
  eden space 2560K, 78% used [0x00000000d5580000,0x00000000d5774c80,0x00000000d5800000)
  from space 512K, 62% used [0x00000000d5880000,0x00000000d58d0000,0x00000000d5900000)
  to   space 512K, 0% used [0x00000000d5900000,0x00000000d5900000,0x00000000d5980000)
 ParOldGen       total 222720K, used 193050K [0x0000000080000000, 0x000000008d980000, 0x00000000d5580000)
  object space 222720K, 86% used [0x0000000080000000,0x000000008bc86878,0x000000008d980000)
 Metaspace       used 90142K, committed 91968K, reserved 1179648K
  class space    used 9332K, committed 10112K, reserved 1048576K
GC Heap History (20 events):
Event: 1440.848 GC heap before
{Heap before GC invocations=2958 (full 5):
 PSYoungGen      total 3584K, used 3200K [0x00000000d5580000, 0x00000000d5b80000, 0x0000000100000000)
  eden space 1536K, 100% used [0x00000000d5580000,0x00000000d5700000,0x00000000d5700000)
  from space 2048K, 81% used [0x00000000d5700000,0x00000000d58a0000,0x00000000d5900000)
  to   space 2048K, 0% used [0x00000000d5980000,0x00000000d5980000,0x00000000d5b80000)
 ParOldGen       total 1393152K, used 1393068K [0x0000000080000000, 0x00000000d5080000, 0x00000000d5580000)
  object space 1393152K, 99% used [0x0000000080000000,0x00000000d506b0b0,0x00000000d5080000)
 Metaspace       used 90131K, committed 91968K, reserved 1179648K
  class space    used 9332K, committed 10112K, reserved 1048576K
}
Event: 1440.851 GC heap after
{Heap after GC invocations=2958 (full 5):
 PSYoungGen      total 4096K, used 1632K [0x00000000d5580000, 0x00000000d5b80000, 0x0000000100000000)
  eden space 2048K, 0% used [0x00000000d5580000,0x00000000d5580000,0x00000000d5780000)
  from space 2048K, 79% used [0x00000000d5980000,0x00000000d5b18000,0x00000000d5b80000)
  to   space 2048K, 0% used [0x00000000d5780000,0x00000000d5780000,0x00000000d5980000)
 ParOldGen       total 1394688K, used 1394588K [0x0000000080000000, 0x00000000d5200000, 0x00000000d5580000)
  object space 1394688K, 99% used [0x0000000080000000,0x00000000d51e70b0,0x00000000d5200000)
 Metaspace       used 90131K, committed 91968K, reserved 1179648K
  class space    used 9332K, committed 10112K, reserved 1048576K
}
Event: 1440.856 GC heap before
{Heap before GC invocations=2959 (full 5):
 PSYoungGen      total 4096K, used 3649K [0x00000000d5580000, 0x00000000d5b80000, 0x0000000100000000)
  eden space 2048K, 98% used [0x00000000d5580000,0x00000000d57785a0,0x00000000d5780000)
  from space 2048K, 79% used [0x00000000d5980000,0x00000000d5b18000,0x00000000d5b80000)
  to   space 2048K, 0% used [0x00000000d5780000,0x00000000d5780000,0x00000000d5980000)
 ParOldGen       total 1394688K, used 1394588K [0x0000000080000000, 0x00000000d5200000, 0x00000000d5580000)
  object space 1394688K, 99% used [0x0000000080000000,0x00000000d51e70b0,0x00000000d5200000)
 Metaspace       used 90131K, committed 91968K, reserved 1179648K
  class space    used 9332K, committed 10112K, reserved 1048576K
}
Event: 1440.859 GC heap after
{Heap after GC invocations=2959 (full 5):
 PSYoungGen      total 4096K, used 1840K [0x00000000d5580000, 0x00000000d5c00000, 0x0000000100000000)
  eden space 2048K, 0% used [0x00000000d5580000,0x00000000d5580000,0x00000000d5780000)
  from space 2048K, 89% used [0x00000000d5780000,0x00000000d594c000,0x00000000d5980000)
  to   space 2048K, 0% used [0x00000000d5a00000,0x00000000d5a00000,0x00000000d5c00000)
 ParOldGen       total 1396224K, used 1396140K [0x0000000080000000, 0x00000000d5380000, 0x00000000d5580000)
  object space 1396224K, 99% used [0x0000000080000000,0x00000000d536b0b0,0x00000000d5380000)
 Metaspace       used 90131K, committed 91968K, reserved 1179648K
  class space    used 9332K, committed 10112K, reserved 1048576K
}
Event: 1440.871 GC heap before
{Heap before GC invocations=2960 (full 5):
 PSYoungGen      total 4096K, used 3888K [0x00000000d5580000, 0x00000000d5c00000, 0x0000000100000000)
  eden space 2048K, 100% used [0x00000000d5580000,0x00000000d5780000,0x00000000d5780000)
  from space 2048K, 89% used [0x00000000d5780000,0x00000000d594c000,0x00000000d5980000)
  to   space 2048K, 0% used [0x00000000d5a00000,0x00000000d5a00000,0x00000000d5c00000)
 ParOldGen       total 1396224K, used 1396140K [0x0000000080000000, 0x00000000d5380000, 0x00000000d5580000)
  object space 1396224K, 99% used [0x0000000080000000,0x00000000d536b0b0,0x00000000d5380000)
 Metaspace       used 90131K, committed 91968K, reserved 1179648K
  class space    used 9332K, committed 10112K, reserved 1048576K
}
Event: 1440.874 GC heap after
{Heap after GC invocations=2960 (full 5):
 PSYoungGen      total 2560K, used 2022K [0x00000000d5580000, 0x00000000d6000000, 0x0000000100000000)
  eden space 512K, 0% used [0x00000000d5580000,0x00000000d5580000,0x00000000d5600000)
  from space 2048K, 98% used [0x00000000d5a00000,0x00000000d5bf9af0,0x00000000d5c00000)
  to   space 4096K, 0% used [0x00000000d5600000,0x00000000d5600000,0x00000000d5a00000)
 ParOldGen       total 1397760K, used 1397540K [0x0000000080000000, 0x00000000d5500000, 0x00000000d5580000)
  object space 1397760K, 99% used [0x0000000080000000,0x00000000d54c90b0,0x00000000d5500000)
 Metaspace       used 90131K, committed 91968K, reserved 1179648K
  class space    used 9332K, committed 10112K, reserved 1048576K
}
Event: 1440.875 GC heap before
{Heap before GC invocations=2961 (full 6):
 PSYoungGen      total 2560K, used 2534K [0x00000000d5580000, 0x00000000d6000000, 0x0000000100000000)
  eden space 512K, 100% used [0x00000000d5580000,0x00000000d5600000,0x00000000d5600000)
  from space 2048K, 98% used [0x00000000d5a00000,0x00000000d5bf9af0,0x00000000d5c00000)
  to   space 4096K, 0% used [0x00000000d5600000,0x00000000d5600000,0x00000000d5a00000)
 ParOldGen       total 1397760K, used 1397540K [0x0000000080000000, 0x00000000d5500000, 0x00000000d5580000)
  object space 1397760K, 99% used [0x0000000080000000,0x00000000d54c90b0,0x00000000d5500000)
 Metaspace       used 90131K, committed 91968K, reserved 1179648K
  class space    used 9332K, committed 10112K, reserved 1048576K
}
Event: 1441.059 GC heap after
{Heap after GC invocations=2961 (full 6):
 PSYoungGen      total 4608K, used 0K [0x00000000d5580000, 0x00000000d5e80000, 0x0000000100000000)
  eden space 512K, 0% used [0x00000000d5580000,0x00000000d5580000,0x00000000d5600000)
  from space 4096K, 0% used [0x00000000d5600000,0x00000000d5600000,0x00000000d5a00000)
  to   space 4096K, 0% used [0x00000000d5a80000,0x00000000d5a80000,0x00000000d5e80000)
 ParOldGen       total 222720K, used 190386K [0x0000000080000000, 0x000000008d980000, 0x00000000d5580000)
  object space 222720K, 85% used [0x0000000080000000,0x000000008b9ec858,0x000000008d980000)
 Metaspace       used 90131K, committed 91968K, reserved 1179648K
  class space    used 9332K, committed 10112K, reserved 1048576K
}
Event: 1441.060 GC heap before
{Heap before GC invocations=2962 (full 6):
 PSYoungGen      total 4608K, used 512K [0x00000000d5580000, 0x00000000d5e80000, 0x0000000100000000)
  eden space 512K, 100% used [0x00000000d5580000,0x00000000d5600000,0x00000000d5600000)
  from space 4096K, 0% used [0x00000000d5600000,0x00000000d5600000,0x00000000d5a00000)
  to   space 4096K, 0% used [0x00000000d5a80000,0x00000000d5a80000,0x00000000d5e80000)
 ParOldGen       total 222720K, used 190386K [0x0000000080000000, 0x000000008d980000, 0x00000000d5580000)
  object space 222720K, 85% used [0x0000000080000000,0x000000008b9ec858,0x000000008d980000)
 Metaspace       used 90131K, committed 91968K, reserved 1179648K
  class space    used 9332K, committed 10112K, reserved 1048576K
}
Event: 1441.061 GC heap after
{Heap after GC invocations=2962 (full 6):
 PSYoungGen      total 2048K, used 608K [0x00000000d5580000, 0x00000000d5b80000, 0x0000000100000000)
  eden space 1024K, 0% used [0x00000000d5580000,0x00000000d5580000,0x00000000d5680000)
  from space 1024K, 59% used [0x00000000d5a80000,0x00000000d5b18000,0x00000000d5b80000)
  to   space 2048K, 0% used [0x00000000d5780000,0x00000000d5780000,0x00000000d5980000)
 ParOldGen       total 222720K, used 190386K [0x0000000080000000, 0x000000008d980000, 0x00000000d5580000)
  object space 222720K, 85% used [0x0000000080000000,0x000000008b9ec858,0x000000008d980000)
 Metaspace       used 90131K, committed 91968K, reserved 1179648K
  class space    used 9332K, committed 10112K, reserved 1048576K
}
Event: 1441.062 GC heap before
{Heap before GC invocations=2963 (full 6):
 PSYoungGen      total 2048K, used 1632K [0x00000000d5580000, 0x00000000d5b80000, 0x0000000100000000)
  eden space 1024K, 100% used [0x00000000d5580000,0x00000000d5680000,0x00000000d5680000)
  from space 1024K, 59% used [0x00000000d5a80000,0x00000000d5b18000,0x00000000d5b80000)
  to   space 2048K, 0% used [0x00000000d5780000,0x00000000d5780000,0x00000000d5980000)
 ParOldGen       total 222720K, used 190386K [0x0000000080000000, 0x000000008d980000, 0x00000000d5580000)
  object space 222720K, 85% used [0x0000000080000000,0x000000008b9ec858,0x000000008d980000)
 Metaspace       used 90131K, committed 91968K, reserved 1179648K
  class space    used 9332K, committed 10112K, reserved 1048576K
}
Event: 1441.064 GC heap after
{Heap after GC invocations=2963 (full 6):
 PSYoungGen      total 3584K, used 1120K [0x00000000d5580000, 0x00000000d5b00000, 0x0000000100000000)
  eden space 1536K, 0% used [0x00000000d5580000,0x00000000d5580000,0x00000000d5700000)
  from space 2048K, 54% used [0x00000000d5780000,0x00000000d5898000,0x00000000d5980000)
  to   space 1536K, 0% used [0x00000000d5980000,0x00000000d5980000,0x00000000d5b00000)
 ParOldGen       total 222720K, used 190890K [0x0000000080000000, 0x000000008d980000, 0x00000000d5580000)
  object space 222720K, 85% used [0x0000000080000000,0x000000008ba6a858,0x000000008d980000)
 Metaspace       used 90131K, committed 91968K, reserved 1179648K
  class space    used 9332K, committed 10112K, reserved 1048576K
}
Event: 1441.066 GC heap before
{Heap before GC invocations=2964 (full 6):
 PSYoungGen      total 3584K, used 2656K [0x00000000d5580000, 0x00000000d5b00000, 0x0000000100000000)
  eden space 1536K, 100% used [0x00000000d5580000,0x00000000d5700000,0x00000000d5700000)
  from space 2048K, 54% used [0x00000000d5780000,0x00000000d5898000,0x00000000d5980000)
  to   space 1536K, 0% used [0x00000000d5980000,0x00000000d5980000,0x00000000d5b00000)
 ParOldGen       total 222720K, used 190890K [0x0000000080000000, 0x000000008d980000, 0x00000000d5580000)
  object space 222720K, 85% used [0x0000000080000000,0x000000008ba6a858,0x000000008d980000)
 Metaspace       used 90131K, committed 91968K, reserved 1179648K
  class space    used 9332K, committed 10112K, reserved 1048576K
}
Event: 1441.068 GC heap after
{Heap after GC invocations=2964 (full 6):
 PSYoungGen      total 3584K, used 1256K [0x00000000d5580000, 0x00000000d5b00000, 0x0000000100000000)
  eden space 2048K, 0% used [0x00000000d5580000,0x00000000d5580000,0x00000000d5780000)
  from space 1536K, 81% used [0x00000000d5980000,0x00000000d5aba010,0x00000000d5b00000)
  to   space 1536K, 0% used [0x00000000d5800000,0x00000000d5800000,0x00000000d5980000)
 ParOldGen       total 222720K, used 191858K [0x0000000080000000, 0x000000008d980000, 0x00000000d5580000)
  object space 222720K, 86% used [0x0000000080000000,0x000000008bb5c858,0x000000008d980000)
 Metaspace       used 90131K, committed 91968K, reserved 1179648K
  class space    used 9332K, committed 10112K, reserved 1048576K
}
Event: 1441.254 GC heap before
{Heap before GC invocations=2965 (full 6):
 PSYoungGen      total 3584K, used 3299K [0x00000000d5580000, 0x00000000d5b00000, 0x0000000100000000)
  eden space 2048K, 99% used [0x00000000d5580000,0x00000000d577ef78,0x00000000d5780000)
  from space 1536K, 81% used [0x00000000d5980000,0x00000000d5aba010,0x00000000d5b00000)
  to   space 1536K, 0% used [0x00000000d5800000,0x00000000d5800000,0x00000000d5980000)
 ParOldGen       total 222720K, used 191858K [0x0000000080000000, 0x000000008d980000, 0x00000000d5580000)
  object space 222720K, 86% used [0x0000000080000000,0x000000008bb5c858,0x000000008d980000)
 Metaspace       used 90131K, committed 91968K, reserved 1179648K
  class space    used 9332K, committed 10112K, reserved 1048576K
}
Event: 1441.256 GC heap after
{Heap after GC invocations=2965 (full 6):
 PSYoungGen      total 3584K, used 512K [0x00000000d5580000, 0x00000000d5a00000, 0x0000000100000000)
  eden space 2560K, 0% used [0x00000000d5580000,0x00000000d5580000,0x00000000d5800000)
  from space 1024K, 50% used [0x00000000d5800000,0x00000000d5880020,0x00000000d5900000)
  to   space 1024K, 0% used [0x00000000d5900000,0x00000000d5900000,0x00000000d5a00000)
 ParOldGen       total 222720K, used 192642K [0x0000000080000000, 0x000000008d980000, 0x00000000d5580000)
  object space 222720K, 86% used [0x0000000080000000,0x000000008bc20858,0x000000008d980000)
 Metaspace       used 90131K, committed 91968K, reserved 1179648K
  class space    used 9332K, committed 10112K, reserved 1048576K
}
Event: 1443.192 GC heap before
{Heap before GC invocations=2966 (full 6):
 PSYoungGen      total 3584K, used 3072K [0x00000000d5580000, 0x00000000d5a00000, 0x0000000100000000)
  eden space 2560K, 100% used [0x00000000d5580000,0x00000000d5800000,0x00000000d5800000)
  from space 1024K, 50% used [0x00000000d5800000,0x00000000d5880020,0x00000000d5900000)
  to   space 1024K, 0% used [0x00000000d5900000,0x00000000d5900000,0x00000000d5a00000)
 ParOldGen       total 222720K, used 192642K [0x0000000080000000, 0x000000008d980000, 0x00000000d5580000)
  object space 222720K, 86% used [0x0000000080000000,0x000000008bc20858,0x000000008d980000)
 Metaspace       used 90131K, committed 91968K, reserved 1179648K
  class space    used 9332K, committed 10112K, reserved 1048576K
}
Event: 1443.193 GC heap after
{Heap after GC invocations=2966 (full 6):
 PSYoungGen      total 3072K, used 224K [0x00000000d5580000, 0x00000000d5980000, 0x0000000100000000)
  eden space 2560K, 0% used [0x00000000d5580000,0x00000000d5580000,0x00000000d5800000)
  from space 512K, 43% used [0x00000000d5900000,0x00000000d5938000,0x00000000d5980000)
  to   space 512K, 0% used [0x00000000d5880000,0x00000000d5880000,0x00000000d5900000)
 ParOldGen       total 222720K, used 193010K [0x0000000080000000, 0x000000008d980000, 0x00000000d5580000)
  object space 222720K, 86% used [0x0000000080000000,0x000000008bc7c878,0x000000008d980000)
 Metaspace       used 90131K, committed 91968K, reserved 1179648K
  class space    used 9332K, committed 10112K, reserved 1048576K
}
Event: 1448.735 GC heap before
{Heap before GC invocations=2967 (full 6):
 PSYoungGen      total 3072K, used 2784K [0x00000000d5580000, 0x00000000d5980000, 0x0000000100000000)
  eden space 2560K, 100% used [0x00000000d5580000,0x00000000d5800000,0x00000000d5800000)
  from space 512K, 43% used [0x00000000d5900000,0x00000000d5938000,0x00000000d5980000)
  to   space 512K, 0% used [0x00000000d5880000,0x00000000d5880000,0x00000000d5900000)
 ParOldGen       total 222720K, used 193010K [0x0000000080000000, 0x000000008d980000, 0x00000000d5580000)
  object space 222720K, 86% used [0x0000000080000000,0x000000008bc7c878,0x000000008d980000)
 Metaspace       used 90138K, committed 91968K, reserved 1179648K
  class space    used 9332K, committed 10112K, reserved 1048576K
}
Event: 1448.736 GC heap after
{Heap after GC invocations=2967 (full 6):
 PSYoungGen      total 3072K, used 320K [0x00000000d5580000, 0x00000000d5980000, 0x0000000100000000)
  eden space 2560K, 0% used [0x00000000d5580000,0x00000000d5580000,0x00000000d5800000)
  from space 512K, 62% used [0x00000000d5880000,0x00000000d58d0000,0x00000000d5900000)
  to   space 512K, 0% used [0x00000000d5900000,0x00000000d5900000,0x00000000d5980000)
 ParOldGen       total 222720K, used 193050K [0x0000000080000000, 0x000000008d980000, 0x00000000d5580000)
  object space 222720K, 86% used [0x0000000080000000,0x000000008bc86878,0x000000008d980000)
 Metaspace       used 90138K, committed 91968K, reserved 1179648K
  class space    used 9332K, committed 10112K, reserved 1048576K
}

